<?xml version="1.0" encoding="UTF-8"?>
<!-- Generated by org.testng.reporters.JUnitReportReporter -->
<testsuite hostname="Alix" failures="0" tests="1" name="epf.AppTest" time="0.006" errors="0" timestamp="2024-03-11T16:35:31 CET" skipped="0">
  <testcase classname="epf.AppTest" name="shouldAnswerWithTrue" time="0.006"/>
</testsuite> <!-- epf.AppTest -->
